<?xml version="1.0" encoding="UTF-8"?>
<testng-results skipped="0" failed="0" ignored="0" total="4" passed="4">
  <reporter-output>
  </reporter-output>
  <suite name="Default suite" duration-ms="2991" started-at="2018-04-28T10:25:54Z" finished-at="2018-04-28T10:25:57Z">
    <groups>
    </groups>
    <test name="Default test" duration-ms="2991" started-at="2018-04-28T10:25:54Z" finished-at="2018-04-28T10:25:57Z">
      <class name="restassured.Post_Delete_PutTest">
        <test-method status="PASS" signature="deleteTest()[pri:1, instance:restassured.Post_Delete_PutTest@c038203]" name="deleteTest" duration-ms="1955" started-at="2018-04-28T10:25:54Z" finished-at="2018-04-28T10:25:56Z">
          <reporter-output>
          </reporter-output>
        </test-method> <!-- deleteTest -->
        <test-method status="PASS" signature="postTest()[pri:2, instance:restassured.Post_Delete_PutTest@c038203]" name="postTest" duration-ms="114" started-at="2018-04-28T10:25:56Z" finished-at="2018-04-28T10:25:56Z">
          <reporter-output>
          </reporter-output>
        </test-method> <!-- postTest -->
        <test-method status="PASS" signature="putTest()[pri:3, instance:restassured.Post_Delete_PutTest@c038203]" name="putTest" duration-ms="42" started-at="2018-04-28T10:25:56Z" finished-at="2018-04-28T10:25:56Z">
          <reporter-output>
          </reporter-output>
        </test-method> <!-- putTest -->
        <test-method status="PASS" signature="getTest()[pri:4, instance:restassured.Post_Delete_PutTest@c038203]" name="getTest" duration-ms="823" started-at="2018-04-28T10:25:56Z" finished-at="2018-04-28T10:25:57Z">
          <reporter-output>
          </reporter-output>
        </test-method> <!-- getTest -->
      </class> <!-- restassured.Post_Delete_PutTest -->
    </test> <!-- Default test -->
  </suite> <!-- Default suite -->
</testng-results>
