<?xml version="1.0" encoding="UTF-8"?>
<testng-results skipped="0" failed="0" ignored="0" total="17" passed="17">
  <reporter-output>
    <line>
      <![CDATA[Open the Browser]]>
    </line>
    <line>
      <![CDATA[open the link]]>
    </line>
    <line>
      <![CDATA[Enter string to onlynumber text field]]>
    </line>
    <line>
      <![CDATA[Retrive the data from text field]]>
    </line>
    <line>
      <![CDATA[open the link]]>
    </line>
    <line>
      <![CDATA[Enter string to onlynumber text field]]>
    </line>
    <line>
      <![CDATA[Retrive the data from text field]]>
    </line>
    <line>
      <![CDATA[open the link]]>
    </line>
    <line>
      <![CDATA[Enter string to onlynumber text field]]>
    </line>
    <line>
      <![CDATA[Retrive the data from text field]]>
    </line>
    <line>
      <![CDATA[open the link]]>
    </line>
    <line>
      <![CDATA[Enter string to onlynumber text field]]>
    </line>
    <line>
      <![CDATA[Retrive the data from text field]]>
    </line>
    <line>
      <![CDATA[open the link]]>
    </line>
    <line>
      <![CDATA[Enter string to onlynumber text field]]>
    </line>
    <line>
      <![CDATA[Retrive the data from text field]]>
    </line>
    <line>
      <![CDATA[open the link]]>
    </line>
    <line>
      <![CDATA[Enter phone number to phone text field]]>
    </line>
    <line>
      <![CDATA[Retrive the data from text field]]>
    </line>
    <line>
      <![CDATA[open the link]]>
    </line>
    <line>
      <![CDATA[Enter phone number to phone text field]]>
    </line>
    <line>
      <![CDATA[Retrive the data from text field]]>
    </line>
    <line>
      <![CDATA[open the link]]>
    </line>
    <line>
      <![CDATA[Enter phone number to phone text field]]>
    </line>
    <line>
      <![CDATA[Retrive the data from text field]]>
    </line>
    <line>
      <![CDATA[open the link]]>
    </line>
    <line>
      <![CDATA[Enter phone number to phone text field]]>
    </line>
    <line>
      <![CDATA[Retrive the data from text field]]>
    </line>
    <line>
      <![CDATA[open the link]]>
    </line>
    <line>
      <![CDATA[Enter string to zerocent text field]]>
    </line>
    <line>
      <![CDATA[Retrive the data from text field]]>
    </line>
    <line>
      <![CDATA[open the link]]>
    </line>
    <line>
      <![CDATA[Enter string to zerocent text field]]>
    </line>
    <line>
      <![CDATA[Retrive the data from text field]]>
    </line>
    <line>
      <![CDATA[open the link]]>
    </line>
    <line>
      <![CDATA[Enter string to zerocent text field]]>
    </line>
    <line>
      <![CDATA[Retrive the data from text field]]>
    </line>
    <line>
      <![CDATA[open the link]]>
    </line>
    <line>
      <![CDATA[Enter string to zerocent text field]]>
    </line>
    <line>
      <![CDATA[Retrive the data from text field]]>
    </line>
    <line>
      <![CDATA[open the link]]>
    </line>
    <line>
      <![CDATA[Enter string to zerocent text field]]>
    </line>
    <line>
      <![CDATA[Retrive the data from text field]]>
    </line>
    <line>
      <![CDATA[open the link]]>
    </line>
    <line>
      <![CDATA[Enter string to zerocent text field]]>
    </line>
    <line>
      <![CDATA[Retrive the data from text field]]>
    </line>
    <line>
      <![CDATA[open the link]]>
    </line>
    <line>
      <![CDATA[Enter string to zerocent text field]]>
    </line>
    <line>
      <![CDATA[Retrive the data from text field]]>
    </line>
    <line>
      <![CDATA[open the link]]>
    </line>
    <line>
      <![CDATA[Enter string to zerocent text field]]>
    </line>
    <line>
      <![CDATA[Retrive the data from text field]]>
    </line>
  </reporter-output>
  <suite name="Default suite" duration-ms="14046" started-at="2018-04-01T02:38:18Z" finished-at="2018-04-01T02:38:32Z">
    <groups>
    </groups>
    <test name="Default test" duration-ms="14046" started-at="2018-04-01T02:38:18Z" finished-at="2018-04-01T02:38:32Z">
      <class name="testscript.VanillaMaster">
        <test-method status="PASS" signature="openBrowser()[pri:0, instance:testscript.VanillaMaster@7d9d1a19]" name="openBrowser" is-config="true" duration-ms="8359" started-at="2018-04-01T02:38:18Z" finished-at="2018-04-01T02:38:27Z">
          <reporter-output>
            <line>
              <![CDATA[Open the Browser]]>
            </line>
          </reporter-output>
        </test-method> <!-- openBrowser -->
        <test-method status="PASS" signature="openlink()[pri:0, instance:testscript.VanillaMaster@7d9d1a19]" name="openlink" is-config="true" duration-ms="1612" started-at="2018-04-01T02:38:27Z" finished-at="2018-04-01T02:38:29Z">
          <reporter-output>
            <line>
              <![CDATA[open the link]]>
            </line>
          </reporter-output>
        </test-method> <!-- openlink -->
        <test-method status="PASS" signature="onlynumber(java.lang.String)[pri:0, instance:testscript.VanillaMaster@7d9d1a19]" name="onlynumber" duration-ms="141" started-at="2018-04-01T02:38:29Z" data-provider="onlynumber" finished-at="2018-04-01T02:38:29Z">
          <params>
            <param index="0">
              <value>
                <![CDATA[0]]>
              </value>
            </param>
          </params>
          <reporter-output>
            <line>
              <![CDATA[Enter string to onlynumber text field]]>
            </line>
            <line>
              <![CDATA[Retrive the data from text field]]>
            </line>
          </reporter-output>
        </test-method> <!-- onlynumber -->
        <test-method status="PASS" signature="openlink()[pri:0, instance:testscript.VanillaMaster@7d9d1a19]" name="openlink" is-config="true" duration-ms="545" started-at="2018-04-01T02:38:29Z" finished-at="2018-04-01T02:38:29Z">
          <reporter-output>
            <line>
              <![CDATA[open the link]]>
            </line>
          </reporter-output>
        </test-method> <!-- openlink -->
        <test-method status="PASS" signature="onlynumber(java.lang.String)[pri:0, instance:testscript.VanillaMaster@7d9d1a19]" name="onlynumber" duration-ms="90" started-at="2018-04-01T02:38:29Z" data-provider="onlynumber" finished-at="2018-04-01T02:38:29Z">
          <params>
            <param index="0">
              <value>
                <![CDATA[12345]]>
              </value>
            </param>
          </params>
          <reporter-output>
            <line>
              <![CDATA[Enter string to onlynumber text field]]>
            </line>
            <line>
              <![CDATA[Retrive the data from text field]]>
            </line>
          </reporter-output>
        </test-method> <!-- onlynumber -->
        <test-method status="PASS" signature="openlink()[pri:0, instance:testscript.VanillaMaster@7d9d1a19]" name="openlink" is-config="true" duration-ms="76" started-at="2018-04-01T02:38:29Z" finished-at="2018-04-01T02:38:29Z">
          <reporter-output>
            <line>
              <![CDATA[open the link]]>
            </line>
          </reporter-output>
        </test-method> <!-- openlink -->
        <test-method status="PASS" signature="onlynumber(java.lang.String)[pri:0, instance:testscript.VanillaMaster@7d9d1a19]" name="onlynumber" duration-ms="105" started-at="2018-04-01T02:38:29Z" data-provider="onlynumber" finished-at="2018-04-01T02:38:29Z">
          <params>
            <param index="0">
              <value>
                <![CDATA[-123456]]>
              </value>
            </param>
          </params>
          <reporter-output>
            <line>
              <![CDATA[Enter string to onlynumber text field]]>
            </line>
            <line>
              <![CDATA[Retrive the data from text field]]>
            </line>
          </reporter-output>
        </test-method> <!-- onlynumber -->
        <test-method status="PASS" signature="openlink()[pri:0, instance:testscript.VanillaMaster@7d9d1a19]" name="openlink" is-config="true" duration-ms="77" started-at="2018-04-01T02:38:29Z" finished-at="2018-04-01T02:38:30Z">
          <reporter-output>
            <line>
              <![CDATA[open the link]]>
            </line>
          </reporter-output>
        </test-method> <!-- openlink -->
        <test-method status="PASS" signature="onlynumber(java.lang.String)[pri:0, instance:testscript.VanillaMaster@7d9d1a19]" name="onlynumber" duration-ms="74" started-at="2018-04-01T02:38:30Z" data-provider="onlynumber" finished-at="2018-04-01T02:38:30Z">
          <params>
            <param index="0">
              <value>
                <![CDATA['$]]>
              </value>
            </param>
          </params>
          <reporter-output>
            <line>
              <![CDATA[Enter string to onlynumber text field]]>
            </line>
            <line>
              <![CDATA[Retrive the data from text field]]>
            </line>
          </reporter-output>
        </test-method> <!-- onlynumber -->
        <test-method status="PASS" signature="openlink()[pri:0, instance:testscript.VanillaMaster@7d9d1a19]" name="openlink" is-config="true" duration-ms="70" started-at="2018-04-01T02:38:30Z" finished-at="2018-04-01T02:38:30Z">
          <reporter-output>
            <line>
              <![CDATA[open the link]]>
            </line>
          </reporter-output>
        </test-method> <!-- openlink -->
        <test-method status="PASS" signature="onlynumber(java.lang.String)[pri:0, instance:testscript.VanillaMaster@7d9d1a19]" name="onlynumber" duration-ms="78" started-at="2018-04-01T02:38:30Z" data-provider="onlynumber" finished-at="2018-04-01T02:38:30Z">
          <params>
            <param index="0">
              <value>
                <![CDATA['a]]>
              </value>
            </param>
          </params>
          <reporter-output>
            <line>
              <![CDATA[Enter string to onlynumber text field]]>
            </line>
            <line>
              <![CDATA[Retrive the data from text field]]>
            </line>
          </reporter-output>
        </test-method> <!-- onlynumber -->
        <test-method status="PASS" signature="openlink()[pri:0, instance:testscript.VanillaMaster@7d9d1a19]" name="openlink" is-config="true" duration-ms="61" started-at="2018-04-01T02:38:30Z" finished-at="2018-04-01T02:38:30Z">
          <reporter-output>
            <line>
              <![CDATA[open the link]]>
            </line>
          </reporter-output>
        </test-method> <!-- openlink -->
        <test-method status="PASS" signature="phone(java.lang.String)[pri:0, instance:testscript.VanillaMaster@7d9d1a19]" name="phone" duration-ms="62" started-at="2018-04-01T02:38:30Z" data-provider="phone" finished-at="2018-04-01T02:38:30Z">
          <params>
            <param index="0">
              <value>
                <![CDATA[1]]>
              </value>
            </param>
          </params>
          <reporter-output>
            <line>
              <![CDATA[Enter phone number to phone text field]]>
            </line>
            <line>
              <![CDATA[Retrive the data from text field]]>
            </line>
          </reporter-output>
        </test-method> <!-- phone -->
        <test-method status="PASS" signature="openlink()[pri:0, instance:testscript.VanillaMaster@7d9d1a19]" name="openlink" is-config="true" duration-ms="63" started-at="2018-04-01T02:38:30Z" finished-at="2018-04-01T02:38:30Z">
          <reporter-output>
            <line>
              <![CDATA[open the link]]>
            </line>
          </reporter-output>
        </test-method> <!-- openlink -->
        <test-method status="PASS" signature="phone(java.lang.String)[pri:0, instance:testscript.VanillaMaster@7d9d1a19]" name="phone" duration-ms="70" started-at="2018-04-01T02:38:30Z" data-provider="phone" finished-at="2018-04-01T02:38:30Z">
          <params>
            <param index="0">
              <value>
                <![CDATA[123]]>
              </value>
            </param>
          </params>
          <reporter-output>
            <line>
              <![CDATA[Enter phone number to phone text field]]>
            </line>
            <line>
              <![CDATA[Retrive the data from text field]]>
            </line>
          </reporter-output>
        </test-method> <!-- phone -->
        <test-method status="PASS" signature="openlink()[pri:0, instance:testscript.VanillaMaster@7d9d1a19]" name="openlink" is-config="true" duration-ms="77" started-at="2018-04-01T02:38:30Z" finished-at="2018-04-01T02:38:30Z">
          <reporter-output>
            <line>
              <![CDATA[open the link]]>
            </line>
          </reporter-output>
        </test-method> <!-- openlink -->
        <test-method status="PASS" signature="phone(java.lang.String)[pri:0, instance:testscript.VanillaMaster@7d9d1a19]" name="phone" duration-ms="86" started-at="2018-04-01T02:38:30Z" data-provider="phone" finished-at="2018-04-01T02:38:30Z">
          <params>
            <param index="0">
              <value>
                <![CDATA[1234567]]>
              </value>
            </param>
          </params>
          <reporter-output>
            <line>
              <![CDATA[Enter phone number to phone text field]]>
            </line>
            <line>
              <![CDATA[Retrive the data from text field]]>
            </line>
          </reporter-output>
        </test-method> <!-- phone -->
        <test-method status="PASS" signature="openlink()[pri:0, instance:testscript.VanillaMaster@7d9d1a19]" name="openlink" is-config="true" duration-ms="65" started-at="2018-04-01T02:38:30Z" finished-at="2018-04-01T02:38:30Z">
          <reporter-output>
            <line>
              <![CDATA[open the link]]>
            </line>
          </reporter-output>
        </test-method> <!-- openlink -->
        <test-method status="PASS" signature="phone(java.lang.String)[pri:0, instance:testscript.VanillaMaster@7d9d1a19]" name="phone" duration-ms="90" started-at="2018-04-01T02:38:30Z" data-provider="phone" finished-at="2018-04-01T02:38:30Z">
          <params>
            <param index="0">
              <value>
                <![CDATA[1234567890]]>
              </value>
            </param>
          </params>
          <reporter-output>
            <line>
              <![CDATA[Enter phone number to phone text field]]>
            </line>
            <line>
              <![CDATA[Retrive the data from text field]]>
            </line>
          </reporter-output>
        </test-method> <!-- phone -->
        <test-method status="PASS" signature="openlink()[pri:0, instance:testscript.VanillaMaster@7d9d1a19]" name="openlink" is-config="true" duration-ms="62" started-at="2018-04-01T02:38:30Z" finished-at="2018-04-01T02:38:31Z">
          <reporter-output>
            <line>
              <![CDATA[open the link]]>
            </line>
          </reporter-output>
        </test-method> <!-- openlink -->
        <test-method status="PASS" signature="zerocent(java.lang.String)[pri:0, instance:testscript.VanillaMaster@7d9d1a19]" name="zerocent" duration-ms="59" started-at="2018-04-01T02:38:31Z" data-provider="zerocent" finished-at="2018-04-01T02:38:31Z">
          <params>
            <param index="0">
              <value>
                <![CDATA[0]]>
              </value>
            </param>
          </params>
          <reporter-output>
            <line>
              <![CDATA[Enter string to zerocent text field]]>
            </line>
            <line>
              <![CDATA[Retrive the data from text field]]>
            </line>
          </reporter-output>
        </test-method> <!-- zerocent -->
        <test-method status="PASS" signature="openlink()[pri:0, instance:testscript.VanillaMaster@7d9d1a19]" name="openlink" is-config="true" duration-ms="54" started-at="2018-04-01T02:38:31Z" finished-at="2018-04-01T02:38:31Z">
          <reporter-output>
            <line>
              <![CDATA[open the link]]>
            </line>
          </reporter-output>
        </test-method> <!-- openlink -->
        <test-method status="PASS" signature="zerocent(java.lang.String)[pri:0, instance:testscript.VanillaMaster@7d9d1a19]" name="zerocent" duration-ms="63" started-at="2018-04-01T02:38:31Z" data-provider="zerocent" finished-at="2018-04-01T02:38:31Z">
          <params>
            <param index="0">
              <value>
                <![CDATA[1]]>
              </value>
            </param>
          </params>
          <reporter-output>
            <line>
              <![CDATA[Enter string to zerocent text field]]>
            </line>
            <line>
              <![CDATA[Retrive the data from text field]]>
            </line>
          </reporter-output>
        </test-method> <!-- zerocent -->
        <test-method status="PASS" signature="openlink()[pri:0, instance:testscript.VanillaMaster@7d9d1a19]" name="openlink" is-config="true" duration-ms="50" started-at="2018-04-01T02:38:31Z" finished-at="2018-04-01T02:38:31Z">
          <reporter-output>
            <line>
              <![CDATA[open the link]]>
            </line>
          </reporter-output>
        </test-method> <!-- openlink -->
        <test-method status="PASS" signature="zerocent(java.lang.String)[pri:0, instance:testscript.VanillaMaster@7d9d1a19]" name="zerocent" duration-ms="62" started-at="2018-04-01T02:38:31Z" data-provider="zerocent" finished-at="2018-04-01T02:38:31Z">
          <params>
            <param index="0">
              <value>
                <![CDATA[111]]>
              </value>
            </param>
          </params>
          <reporter-output>
            <line>
              <![CDATA[Enter string to zerocent text field]]>
            </line>
            <line>
              <![CDATA[Retrive the data from text field]]>
            </line>
          </reporter-output>
        </test-method> <!-- zerocent -->
        <test-method status="PASS" signature="openlink()[pri:0, instance:testscript.VanillaMaster@7d9d1a19]" name="openlink" is-config="true" duration-ms="60" started-at="2018-04-01T02:38:31Z" finished-at="2018-04-01T02:38:31Z">
          <reporter-output>
            <line>
              <![CDATA[open the link]]>
            </line>
          </reporter-output>
        </test-method> <!-- openlink -->
        <test-method status="PASS" signature="zerocent(java.lang.String)[pri:0, instance:testscript.VanillaMaster@7d9d1a19]" name="zerocent" duration-ms="73" started-at="2018-04-01T02:38:31Z" data-provider="zerocent" finished-at="2018-04-01T02:38:31Z">
          <params>
            <param index="0">
              <value>
                <![CDATA[1111]]>
              </value>
            </param>
          </params>
          <reporter-output>
            <line>
              <![CDATA[Enter string to zerocent text field]]>
            </line>
            <line>
              <![CDATA[Retrive the data from text field]]>
            </line>
          </reporter-output>
        </test-method> <!-- zerocent -->
        <test-method status="PASS" signature="openlink()[pri:0, instance:testscript.VanillaMaster@7d9d1a19]" name="openlink" is-config="true" duration-ms="73" started-at="2018-04-01T02:38:31Z" finished-at="2018-04-01T02:38:31Z">
          <reporter-output>
            <line>
              <![CDATA[open the link]]>
            </line>
          </reporter-output>
        </test-method> <!-- openlink -->
        <test-method status="PASS" signature="zerocent(java.lang.String)[pri:0, instance:testscript.VanillaMaster@7d9d1a19]" name="zerocent" duration-ms="64" started-at="2018-04-01T02:38:31Z" data-provider="zerocent" finished-at="2018-04-01T02:38:31Z">
          <params>
            <param index="0">
              <value>
                <![CDATA[111111]]>
              </value>
            </param>
          </params>
          <reporter-output>
            <line>
              <![CDATA[Enter string to zerocent text field]]>
            </line>
            <line>
              <![CDATA[Retrive the data from text field]]>
            </line>
          </reporter-output>
        </test-method> <!-- zerocent -->
        <test-method status="PASS" signature="openlink()[pri:0, instance:testscript.VanillaMaster@7d9d1a19]" name="openlink" is-config="true" duration-ms="54" started-at="2018-04-01T02:38:31Z" finished-at="2018-04-01T02:38:31Z">
          <reporter-output>
            <line>
              <![CDATA[open the link]]>
            </line>
          </reporter-output>
        </test-method> <!-- openlink -->
        <test-method status="PASS" signature="zerocent(java.lang.String)[pri:0, instance:testscript.VanillaMaster@7d9d1a19]" name="zerocent" duration-ms="63" started-at="2018-04-01T02:38:31Z" data-provider="zerocent" finished-at="2018-04-01T02:38:31Z">
          <params>
            <param index="0">
              <value>
                <![CDATA[1111111]]>
              </value>
            </param>
          </params>
          <reporter-output>
            <line>
              <![CDATA[Enter string to zerocent text field]]>
            </line>
            <line>
              <![CDATA[Retrive the data from text field]]>
            </line>
          </reporter-output>
        </test-method> <!-- zerocent -->
        <test-method status="PASS" signature="openlink()[pri:0, instance:testscript.VanillaMaster@7d9d1a19]" name="openlink" is-config="true" duration-ms="50" started-at="2018-04-01T02:38:31Z" finished-at="2018-04-01T02:38:31Z">
          <reporter-output>
            <line>
              <![CDATA[open the link]]>
            </line>
          </reporter-output>
        </test-method> <!-- openlink -->
        <test-method status="PASS" signature="zerocent(java.lang.String)[pri:0, instance:testscript.VanillaMaster@7d9d1a19]" name="zerocent" duration-ms="58" started-at="2018-04-01T02:38:31Z" data-provider="zerocent" finished-at="2018-04-01T02:38:31Z">
          <params>
            <param index="0">
              <value>
                <![CDATA['$]]>
              </value>
            </param>
          </params>
          <reporter-output>
            <line>
              <![CDATA[Enter string to zerocent text field]]>
            </line>
            <line>
              <![CDATA[Retrive the data from text field]]>
            </line>
          </reporter-output>
        </test-method> <!-- zerocent -->
        <test-method status="PASS" signature="openlink()[pri:0, instance:testscript.VanillaMaster@7d9d1a19]" name="openlink" is-config="true" duration-ms="56" started-at="2018-04-01T02:38:31Z" finished-at="2018-04-01T02:38:31Z">
          <reporter-output>
            <line>
              <![CDATA[open the link]]>
            </line>
          </reporter-output>
        </test-method> <!-- openlink -->
        <test-method status="PASS" signature="zerocent(java.lang.String)[pri:0, instance:testscript.VanillaMaster@7d9d1a19]" name="zerocent" duration-ms="66" started-at="2018-04-01T02:38:31Z" data-provider="zerocent" finished-at="2018-04-01T02:38:31Z">
          <params>
            <param index="0">
              <value>
                <![CDATA['a]]>
              </value>
            </param>
          </params>
          <reporter-output>
            <line>
              <![CDATA[Enter string to zerocent text field]]>
            </line>
            <line>
              <![CDATA[Retrive the data from text field]]>
            </line>
          </reporter-output>
        </test-method> <!-- zerocent -->
        <test-method status="PASS" signature="closeBrowser()[pri:0, instance:testscript.VanillaMaster@7d9d1a19]" name="closeBrowser" is-config="true" duration-ms="915" started-at="2018-04-01T02:38:31Z" finished-at="2018-04-01T02:38:32Z">
          <reporter-output>
          </reporter-output>
        </test-method> <!-- closeBrowser -->
      </class> <!-- testscript.VanillaMaster -->
    </test> <!-- Default test -->
  </suite> <!-- Default suite -->
</testng-results>
