<?xml version="1.0" encoding="UTF-8"?>
<!-- Generated by org.testng.reporters.JUnitXMLReporter -->
<testsuite hostname="soumyavaio" ignored="0" name="Default test" tests="17" failures="0" timestamp="01 Apr 2018 02:38:32 GMT" time="14.046" errors="0">
  <testcase name="onlynumber" time="0.141" classname="testscript.VanillaMaster"/>
  <testcase name="onlynumber" time="0.09" classname="testscript.VanillaMaster"/>
  <testcase name="onlynumber" time="0.105" classname="testscript.VanillaMaster"/>
  <testcase name="onlynumber" time="0.074" classname="testscript.VanillaMaster"/>
  <testcase name="onlynumber" time="0.078" classname="testscript.VanillaMaster"/>
  <testcase name="phone" time="0.062" classname="testscript.VanillaMaster"/>
  <testcase name="phone" time="0.07" classname="testscript.VanillaMaster"/>
  <testcase name="phone" time="0.086" classname="testscript.VanillaMaster"/>
  <testcase name="phone" time="0.09" classname="testscript.VanillaMaster"/>
  <testcase name="zerocent" time="0.059" classname="testscript.VanillaMaster"/>
  <testcase name="zerocent" time="0.063" classname="testscript.VanillaMaster"/>
  <testcase name="zerocent" time="0.062" classname="testscript.VanillaMaster"/>
  <testcase name="zerocent" time="0.073" classname="testscript.VanillaMaster"/>
  <testcase name="zerocent" time="0.064" classname="testscript.VanillaMaster"/>
  <testcase name="zerocent" time="0.063" classname="testscript.VanillaMaster"/>
  <testcase name="zerocent" time="0.058" classname="testscript.VanillaMaster"/>
  <testcase name="zerocent" time="0.066" classname="testscript.VanillaMaster"/>
</testsuite> <!-- Default test -->
