<?xml version="1.0" encoding="UTF-8"?>
<!-- Generated by org.testng.reporters.JUnitXMLReporter -->
<testsuite hostname="soumyavaio" ignored="0" name="Test" tests="10" failures="10" timestamp="31 Mar 2018 17:08:07 GMT" time="0.439" errors="0">
  <testcase name="phone" time="0.044" classname="testscript.VanillaMaster">
    <failure type="java.lang.NullPointerException">
      <![CDATA[java.lang.NullPointerException
at org.openqa.selenium.support.pagefactory.DefaultElementLocator.findElement(DefaultElementLocator.java:69)
at org.openqa.selenium.support.pagefactory.internal.LocatingElementHandler.invoke(LocatingElementHandler.java:38)
at com.sun.proxy.$Proxy9.getText(Unknown Source)
at objectrepository.Vanilla.getPhone(Vanilla.java:25)
at testscript.VanillaMaster.phone(VanillaMaster.java:37)
... Removed 25 stack frames]]>
    </failure>
  </testcase> <!-- phone -->
  <testcase name="phone" time="0.002" classname="testscript.VanillaMaster">
    <failure type="java.lang.NullPointerException">
      <![CDATA[java.lang.NullPointerException
at org.openqa.selenium.support.pagefactory.DefaultElementLocator.findElement(DefaultElementLocator.java:69)
at org.openqa.selenium.support.pagefactory.internal.LocatingElementHandler.invoke(LocatingElementHandler.java:38)
at com.sun.proxy.$Proxy9.getText(Unknown Source)
at objectrepository.Vanilla.getPhone(Vanilla.java:25)
at testscript.VanillaMaster.phone(VanillaMaster.java:37)
... Removed 25 stack frames]]>
    </failure>
  </testcase> <!-- phone -->
  <testcase name="phone" time="0.002" classname="testscript.VanillaMaster">
    <failure type="java.lang.NullPointerException">
      <![CDATA[java.lang.NullPointerException
at org.openqa.selenium.support.pagefactory.DefaultElementLocator.findElement(DefaultElementLocator.java:69)
at org.openqa.selenium.support.pagefactory.internal.LocatingElementHandler.invoke(LocatingElementHandler.java:38)
at com.sun.proxy.$Proxy9.getText(Unknown Source)
at objectrepository.Vanilla.getPhone(Vanilla.java:25)
at testscript.VanillaMaster.phone(VanillaMaster.java:37)
... Removed 25 stack frames]]>
    </failure>
  </testcase> <!-- phone -->
  <testcase name="phone" time="0.002" classname="testscript.VanillaMaster">
    <failure type="java.lang.NullPointerException">
      <![CDATA[java.lang.NullPointerException
at org.openqa.selenium.support.pagefactory.DefaultElementLocator.findElement(DefaultElementLocator.java:69)
at org.openqa.selenium.support.pagefactory.internal.LocatingElementHandler.invoke(LocatingElementHandler.java:38)
at com.sun.proxy.$Proxy9.getText(Unknown Source)
at objectrepository.Vanilla.getPhone(Vanilla.java:25)
at testscript.VanillaMaster.phone(VanillaMaster.java:37)
... Removed 25 stack frames]]>
    </failure>
  </testcase> <!-- phone -->
  <testcase name="phone" time="0.002" classname="testscript.VanillaMaster">
    <failure type="java.lang.NullPointerException">
      <![CDATA[java.lang.NullPointerException
at org.openqa.selenium.support.pagefactory.DefaultElementLocator.findElement(DefaultElementLocator.java:69)
at org.openqa.selenium.support.pagefactory.internal.LocatingElementHandler.invoke(LocatingElementHandler.java:38)
at com.sun.proxy.$Proxy9.getText(Unknown Source)
at objectrepository.Vanilla.getPhone(Vanilla.java:25)
at testscript.VanillaMaster.phone(VanillaMaster.java:37)
... Removed 25 stack frames]]>
    </failure>
  </testcase> <!-- phone -->
  <testcase name="phone" time="0.002" classname="testscript.VanillaMaster">
    <failure type="java.lang.NullPointerException">
      <![CDATA[java.lang.NullPointerException
at org.openqa.selenium.support.pagefactory.DefaultElementLocator.findElement(DefaultElementLocator.java:69)
at org.openqa.selenium.support.pagefactory.internal.LocatingElementHandler.invoke(LocatingElementHandler.java:38)
at com.sun.proxy.$Proxy9.getText(Unknown Source)
at objectrepository.Vanilla.getPhone(Vanilla.java:25)
at testscript.VanillaMaster.phone(VanillaMaster.java:37)
... Removed 25 stack frames]]>
    </failure>
  </testcase> <!-- phone -->
  <testcase name="phone" time="0.008" classname="testscript.VanillaMaster">
    <failure type="java.lang.NullPointerException">
      <![CDATA[java.lang.NullPointerException
at org.openqa.selenium.support.pagefactory.DefaultElementLocator.findElement(DefaultElementLocator.java:69)
at org.openqa.selenium.support.pagefactory.internal.LocatingElementHandler.invoke(LocatingElementHandler.java:38)
at com.sun.proxy.$Proxy9.getText(Unknown Source)
at objectrepository.Vanilla.getPhone(Vanilla.java:25)
at testscript.VanillaMaster.phone(VanillaMaster.java:37)
... Removed 25 stack frames]]>
    </failure>
  </testcase> <!-- phone -->
  <testcase name="phone" time="0.002" classname="testscript.VanillaMaster">
    <failure type="java.lang.NullPointerException">
      <![CDATA[java.lang.NullPointerException
at org.openqa.selenium.support.pagefactory.DefaultElementLocator.findElement(DefaultElementLocator.java:69)
at org.openqa.selenium.support.pagefactory.internal.LocatingElementHandler.invoke(LocatingElementHandler.java:38)
at com.sun.proxy.$Proxy9.getText(Unknown Source)
at objectrepository.Vanilla.getPhone(Vanilla.java:25)
at testscript.VanillaMaster.phone(VanillaMaster.java:37)
... Removed 25 stack frames]]>
    </failure>
  </testcase> <!-- phone -->
  <testcase name="phone" time="0.003" classname="testscript.VanillaMaster">
    <failure type="java.lang.NullPointerException">
      <![CDATA[java.lang.NullPointerException
at org.openqa.selenium.support.pagefactory.DefaultElementLocator.findElement(DefaultElementLocator.java:69)
at org.openqa.selenium.support.pagefactory.internal.LocatingElementHandler.invoke(LocatingElementHandler.java:38)
at com.sun.proxy.$Proxy9.getText(Unknown Source)
at objectrepository.Vanilla.getPhone(Vanilla.java:25)
at testscript.VanillaMaster.phone(VanillaMaster.java:37)
... Removed 25 stack frames]]>
    </failure>
  </testcase> <!-- phone -->
  <testcase name="phone" time="0.003" classname="testscript.VanillaMaster">
    <failure type="java.lang.NullPointerException">
      <![CDATA[java.lang.NullPointerException
at org.openqa.selenium.support.pagefactory.DefaultElementLocator.findElement(DefaultElementLocator.java:69)
at org.openqa.selenium.support.pagefactory.internal.LocatingElementHandler.invoke(LocatingElementHandler.java:38)
at com.sun.proxy.$Proxy9.getText(Unknown Source)
at objectrepository.Vanilla.getPhone(Vanilla.java:25)
at testscript.VanillaMaster.phone(VanillaMaster.java:37)
... Removed 25 stack frames]]>
    </failure>
  </testcase> <!-- phone -->
</testsuite> <!-- Test -->
