<?xml version="1.0" encoding="UTF-8"?>
<testng-results skipped="0" failed="0" ignored="0" total="1" passed="1">
  <reporter-output>
  </reporter-output>
  <suite name="Default suite" duration-ms="53675" started-at="2018-04-28T12:52:26Z" finished-at="2018-04-28T12:53:20Z">
    <groups>
    </groups>
    <test name="Default test" duration-ms="53675" started-at="2018-04-28T12:52:26Z" finished-at="2018-04-28T12:53:20Z">
      <class name="maven_selenium_project.CheckBrokenLink">
        <test-method status="PASS" signature="checkBrokenLinkTest()[pri:0, instance:maven_selenium_project.CheckBrokenLink@47c62251]" name="checkBrokenLinkTest" duration-ms="53639" started-at="2018-04-28T12:52:26Z" finished-at="2018-04-28T12:53:20Z">
          <reporter-output>
          </reporter-output>
        </test-method> <!-- checkBrokenLinkTest -->
      </class> <!-- maven_selenium_project.CheckBrokenLink -->
    </test> <!-- Default test -->
  </suite> <!-- Default suite -->
</testng-results>
