<?xml version="1.0" encoding="UTF-8"?>
<!-- Generated by org.testng.reporters.JUnitXMLReporter -->
<testsuite hostname="soumyavaio" ignored="0" name="Default test" tests="4" failures="0" timestamp="28 Apr 2018 10:25:57 GMT" time="2.991" errors="0">
  <testcase name="deleteTest" time="1.955" classname="restassured.Post_Delete_PutTest"/>
  <testcase name="postTest" time="0.114" classname="restassured.Post_Delete_PutTest"/>
  <testcase name="putTest" time="0.042" classname="restassured.Post_Delete_PutTest"/>
  <testcase name="getTest" time="0.823" classname="restassured.Post_Delete_PutTest"/>
</testsuite> <!-- Default test -->
